<?xml version="1.0" encoding="UTF-8"?>
<testng-results ignored="0" total="2" passed="2" failed="0" skipped="0">
  <reporter-output>
  </reporter-output>
  <suite started-at="2024-08-15T18:34:02 IST" name="Default suite" finished-at="2024-08-15T18:35:50 IST" duration-ms="108498">
    <groups>
    </groups>
    <test started-at="2024-08-15T18:34:02 IST" name="Default test" finished-at="2024-08-15T18:35:50 IST" duration-ms="108498">
      <class name="Tests.Newregistertest">
        <test-method is-config="true" signature="excelreads()[pri:0, instance:Tests.Newregistertest@543295b0]" started-at="2024-08-15T18:34:02 IST" name="excelreads" finished-at="2024-08-15T18:34:02 IST" duration-ms="7" status="PASS">
          <reporter-output>
          </reporter-output>
        </test-method> <!-- excelreads -->
        <test-method is-config="true" signature="lanunchingbrowserandurl()[pri:0, instance:Tests.Newregistertest@543295b0]" started-at="2024-08-15T18:34:03 IST" name="lanunchingbrowserandurl" finished-at="2024-08-15T18:34:16 IST" duration-ms="12668" status="PASS">
          <reporter-output>
          </reporter-output>
        </test-method> <!-- lanunchingbrowserandurl -->
        <test-method signature="register(java.lang.String,java.lang.String,java.lang.String,java.lang.String,java.lang.String)[pri:0, instance:Tests.Newregistertest@543295b0]" started-at="2024-08-15T18:34:16 IST" name="register" data-provider="Readexcelfile" finished-at="2024-08-15T18:35:02 IST" duration-ms="45979" status="PASS">
          <params>
            <param index="0">
              <value>
                <![CDATA[RaniShettypal1]]>
              </value>
            </param>
            <param index="1">
              <value>
                <![CDATA[Rugged@12345]]>
              </value>
            </param>
            <param index="2">
              <value>
                <![CDATA[Rugged@12345]]>
              </value>
            </param>
            <param index="3">
              <value>
                <![CDATA[Rani Shetty pal1]]>
              </value>
            </param>
            <param index="4">
              <value>
                <![CDATA[Ranishetty@gmail.com]]>
              </value>
            </param>
          </params>
          <reporter-output>
          </reporter-output>
        </test-method> <!-- register -->
        <test-method is-config="true" signature="closedriver()[pri:0, instance:Tests.Newregistertest@543295b0]" started-at="2024-08-15T18:35:02 IST" name="closedriver" finished-at="2024-08-15T18:35:02 IST" duration-ms="117" status="PASS">
          <reporter-output>
          </reporter-output>
        </test-method> <!-- closedriver -->
        <test-method is-config="true" signature="lanunchingbrowserandurl()[pri:0, instance:Tests.Newregistertest@543295b0]" started-at="2024-08-15T18:35:02 IST" name="lanunchingbrowserandurl" finished-at="2024-08-15T18:35:05 IST" duration-ms="3561" status="PASS">
          <reporter-output>
          </reporter-output>
        </test-method> <!-- lanunchingbrowserandurl -->
        <test-method signature="register(java.lang.String,java.lang.String,java.lang.String,java.lang.String,java.lang.String)[pri:0, instance:Tests.Newregistertest@543295b0]" started-at="2024-08-15T18:35:05 IST" name="register" data-provider="Readexcelfile" finished-at="2024-08-15T18:35:50 IST" duration-ms="44927" status="PASS">
          <params>
            <param index="0">
              <value>
                <![CDATA[HalleyReich]]>
              </value>
            </param>
            <param index="1">
              <value>
                <![CDATA[HalleyReich@123]]>
              </value>
            </param>
            <param index="2">
              <value>
                <![CDATA[HalleyReich@123]]>
              </value>
            </param>
            <param index="3">
              <value>
                <![CDATA[HalleyReich Maes]]>
              </value>
            </param>
            <param index="4">
              <value>
                <![CDATA[HalleyReich@gmail.com]]>
              </value>
            </param>
          </params>
          <reporter-output>
          </reporter-output>
        </test-method> <!-- register -->
        <test-method is-config="true" signature="closedriver()[pri:0, instance:Tests.Newregistertest@543295b0]" started-at="2024-08-15T18:35:50 IST" name="closedriver" finished-at="2024-08-15T18:35:50 IST" duration-ms="83" status="PASS">
          <reporter-output>
          </reporter-output>
        </test-method> <!-- closedriver -->
      </class> <!-- Tests.Newregistertest -->
    </test> <!-- Default test -->
  </suite> <!-- Default suite -->
</testng-results>
